# JRE version: OpenJDK Runtime Environment (8.0_342-b07) (build 1.8.0_342-8u342-b07-0ubuntu1~20.04-b07)
# Java VM: OpenJDK 64-Bit Server VM (25.342-b07 mixed mode linux-amd64 compressed oops)
Heap:
 PSYoungGen      total 5297664K, used 5192471K [0x000000066ab00000, 0x00000007bf380000, 0x00000007c0000000)
  eden space 5021184K, 100% used [0x000000066ab00000,0x000000079d280000,0x000000079d280000)
  from space 276480K, 61% used [0x000000079d280000,0x00000007a79c5e98,0x00000007ae080000)
  to   space 273920K, 32% used [0x00000007ae800000,0x00000007b3e1f650,0x00000007bf380000)
 ParOldGen       total 2499072K, used 1966195K [0x00000003c0000000, 0x0000000458880000, 0x000000066ab00000)
  object space 2499072K, 78% used [0x00000003c0000000,0x000000043801cdf8,0x0000000458880000)
 Metaspace       used 143410K, capacity 159314K, committed 166676K, reserved 1193984K
  class space    used 18889K, capacity 20358K, committed 22076K, reserved 1048576K
GC Heap History (10 events):
Event: 1847.100 GC heap after
Heap after GC invocations=113 (full 10):
 PSYoungGen      total 5177344K, used 161348K [0x000000066ab00000, 0x00000007c0000000, 0x00000007c0000000)
  eden space 5015552K, 0% used [0x000000066ab00000,0x000000066ab00000,0x000000079cd00000)
  from space 161792K, 99% used [0x000000079cd00000,0x00000007a6a91370,0x00000007a6b00000)
  to   space 289280K, 0% used [0x00000007ae580000,0x00000007ae580000,0x00000007c0000000)
 ParOldGen       total 2499072K, used 1966187K [0x00000003c0000000, 0x0000000458880000, 0x000000066ab00000)
  object space 2499072K, 78% used [0x00000003c0000000,0x000000043801adf8,0x0000000458880000)
 Metaspace       used 143407K, capacity 159314K, committed 166676K, reserved 1193984K
  class space    used 18889K, capacity 20358K, committed 22076K, reserved 1048576K
}
Event: 1863.205 GC heap before
{Heap before GC invocations=114 (full 10):
 PSYoungGen      total 5177344K, used 5176900K [0x000000066ab00000, 0x00000007c0000000, 0x00000007c0000000)
  eden space 5015552K, 100% used [0x000000066ab00000,0x000000079cd00000,0x000000079cd00000)
  from space 161792K, 99% used [0x000000079cd00000,0x00000007a6a91370,0x00000007a6b00000)
  to   space 289280K, 0% used [0x00000007ae580000,0x00000007ae580000,0x00000007c0000000)
 ParOldGen       total 2499072K, used 1966187K [0x00000003c0000000, 0x0000000458880000, 0x000000066ab00000)
  object space 2499072K, 78% used [0x00000003c0000000,0x000000043801adf8,0x0000000458880000)
 Metaspace       used 143407K, capacity 159314K, committed 166676K, reserved 1193984K
  class space    used 18889K, capacity 20358K, committed 22076K, reserved 1048576K
Event: 1863.388 GC heap after
Heap after GC invocations=114 (full 10):
 PSYoungGen      total 5302784K, used 158384K [0x000000066ab00000, 0x00000007c0000000, 0x00000007c0000000)
  eden space 5013504K, 0% used [0x000000066ab00000,0x000000066ab00000,0x000000079cb00000)
  from space 289280K, 54% used [0x00000007ae580000,0x00000007b802c218,0x00000007c0000000)
  to   space 289280K, 0% used [0x000000079cb00000,0x000000079cb00000,0x00000007ae580000)
 ParOldGen       total 2499072K, used 1966187K [0x00000003c0000000, 0x0000000458880000, 0x000000066ab00000)
  object space 2499072K, 78% used [0x00000003c0000000,0x000000043801adf8,0x0000000458880000)
 Metaspace       used 143407K, capacity 159314K, committed 166676K, reserved 1193984K
  class space    used 18889K, capacity 20358K, committed 22076K, reserved 1048576K
}
Event: 1881.315 GC heap before
{Heap before GC invocations=115 (full 10):
 PSYoungGen      total 5302784K, used 5171888K [0x000000066ab00000, 0x00000007c0000000, 0x00000007c0000000)
  eden space 5013504K, 100% used [0x000000066ab00000,0x000000079cb00000,0x000000079cb00000)
  from space 289280K, 54% used [0x00000007ae580000,0x00000007b802c218,0x00000007c0000000)
  to   space 289280K, 0% used [0x000000079cb00000,0x000000079cb00000,0x00000007ae580000)
 ParOldGen       total 2499072K, used 1966187K [0x00000003c0000000, 0x0000000458880000, 0x000000066ab00000)
  object space 2499072K, 78% used [0x00000003c0000000,0x000000043801adf8,0x0000000458880000)
 Metaspace       used 143407K, capacity 159314K, committed 166676K, reserved 1193984K
  class space    used 18889K, capacity 20358K, committed 22076K, reserved 1048576K
Event: 1881.558 GC heap after
Heap after GC invocations=115 (full 10):
 PSYoungGen      total 5196288K, used 182754K [0x000000066ab00000, 0x00000007bf600000, 0x00000007c0000000)
  eden space 5013504K, 0% used [0x000000066ab00000,0x000000066ab00000,0x000000079cb00000)
  from space 182784K, 99% used [0x000000079cb00000,0x00000007a7d78bc8,0x00000007a7d80000)
  to   space 284160K, 0% used [0x00000007ae080000,0x00000007ae080000,0x00000007bf600000)
 ParOldGen       total 2499072K, used 1966187K [0x00000003c0000000, 0x0000000458880000, 0x000000066ab00000)
  object space 2499072K, 78% used [0x00000003c0000000,0x000000043801adf8,0x0000000458880000)
 Metaspace       used 143407K, capacity 159314K, committed 166676K, reserved 1193984K
  class space    used 18889K, capacity 20358K, committed 22076K, reserved 1048576K
}
Event: 1898.073 GC heap before
{Heap before GC invocations=116 (full 10):
 PSYoungGen      total 5196288K, used 5196258K [0x000000066ab00000, 0x00000007bf600000, 0x00000007c0000000)
  eden space 5013504K, 100% used [0x000000066ab00000,0x000000079cb00000,0x000000079cb00000)
  from space 182784K, 99% used [0x000000079cb00000,0x00000007a7d78bc8,0x00000007a7d80000)
  to   space 284160K, 0% used [0x00000007ae080000,0x00000007ae080000,0x00000007bf600000)
 ParOldGen       total 2499072K, used 1966187K [0x00000003c0000000, 0x0000000458880000, 0x000000066ab00000)
  object space 2499072K, 78% used [0x00000003c0000000,0x000000043801adf8,0x0000000458880000)
 Metaspace       used 143407K, capacity 159314K, committed 166676K, reserved 1193984K
  class space    used 18889K, capacity 20358K, committed 22076K, reserved 1048576K
Event: 1898.422 GC heap after
Heap after GC invocations=116 (full 10):
 PSYoungGen      total 5305344K, used 202156K [0x000000066ab00000, 0x00000007c0000000, 0x00000007c0000000)
  eden space 5021184K, 0% used [0x000000066ab00000,0x000000066ab00000,0x000000079d280000)
  from space 284160K, 71% used [0x00000007ae080000,0x00000007ba5eb140,0x00000007bf600000)
  to   space 276480K, 0% used [0x000000079d280000,0x000000079d280000,0x00000007ae080000)
 ParOldGen       total 2499072K, used 1966187K [0x00000003c0000000, 0x0000000458880000, 0x000000066ab00000)
  object space 2499072K, 78% used [0x00000003c0000000,0x000000043801adf8,0x0000000458880000)
 Metaspace       used 143407K, capacity 159314K, committed 166676K, reserved 1193984K
  class space    used 18889K, capacity 20358K, committed 22076K, reserved 1048576K
}
Event: 1916.684 GC heap before
{Heap before GC invocations=117 (full 10):
 PSYoungGen      total 5305344K, used 5223340K [0x000000066ab00000, 0x00000007c0000000, 0x00000007c0000000)
  eden space 5021184K, 100% used [0x000000066ab00000,0x000000079d280000,0x000000079d280000)
  from space 284160K, 71% used [0x00000007ae080000,0x00000007ba5eb140,0x00000007bf600000)
  to   space 276480K, 0% used [0x000000079d280000,0x000000079d280000,0x00000007ae080000)
 ParOldGen       total 2499072K, used 1966187K [0x00000003c0000000, 0x0000000458880000, 0x000000066ab00000)
  object space 2499072K, 78% used [0x00000003c0000000,0x000000043801adf8,0x0000000458880000)
 Metaspace       used 143407K, capacity 159314K, committed 166676K, reserved 1193984K
  class space    used 18889K, capacity 20358K, committed 22076K, reserved 1048576K
Event: 1916.907 GC heap after
Heap after GC invocations=117 (full 10):
 PSYoungGen      total 5297664K, used 171287K [0x000000066ab00000, 0x00000007bf380000, 0x00000007c0000000)
  eden space 5021184K, 0% used [0x000000066ab00000,0x000000066ab00000,0x000000079d280000)
  from space 276480K, 61% used [0x000000079d280000,0x00000007a79c5e98,0x00000007ae080000)
  to   space 273920K, 0% used [0x00000007ae800000,0x00000007ae800000,0x00000007bf380000)
 ParOldGen       total 2499072K, used 1966187K [0x00000003c0000000, 0x0000000458880000, 0x000000066ab00000)
  object space 2499072K, 78% used [0x00000003c0000000,0x000000043801adf8,0x0000000458880000)
 Metaspace       used 143407K, capacity 159314K, committed 166676K, reserved 1193984K
  class space    used 18889K, capacity 20358K, committed 22076K, reserved 1048576K
}
Event: 1933.484 GC heap before
{Heap before GC invocations=118 (full 10):
 PSYoungGen      total 5297664K, used 5192471K [0x000000066ab00000, 0x00000007bf380000, 0x00000007c0000000)
  eden space 5021184K, 100% used [0x000000066ab00000,0x000000079d280000,0x000000079d280000)
  from space 276480K, 61% used [0x000000079d280000,0x00000007a79c5e98,0x00000007ae080000)
  to   space 273920K, 0% used [0x00000007ae800000,0x00000007ae800000,0x00000007bf380000)
 ParOldGen       total 2499072K, used 1966187K [0x00000003c0000000, 0x0000000458880000, 0x000000066ab00000)
  object space 2499072K, 78% used [0x00000003c0000000,0x000000043801adf8,0x0000000458880000)
 Metaspace       used 143410K, capacity 159314K, committed 166676K, reserved 1193984K
  class space    used 18889K, capacity 20358K, committed 22076K, reserved 1048576K

