# JRE version: OpenJDK Runtime Environment (8.0_342-b07) (build 1.8.0_342-8u342-b07-0ubuntu1~20.04-b07)
# Java VM: OpenJDK 64-Bit Server VM (25.342-b07 mixed mode linux-amd64 compressed oops)
Heap:
 PSYoungGen      total 5258240K, used 5200185K [0x000000066ab00000, 0x00000007c0000000, 0x00000007c0000000)
  eden space 4942848K, 100% used [0x000000066ab00000,0x0000000798600000,0x0000000798600000)
  from space 315392K, 81% used [0x00000007acc00000,0x00000007bc74e430,0x00000007c0000000)
  to   space 324608K, 61% used [0x0000000798600000,0x00000007a478c9c8,0x00000007ac300000)
 ParOldGen       total 9062912K, used 7689508K [0x00000003c0000000, 0x00000005e9280000, 0x000000066ab00000)
  object space 9062912K, 84% used [0x00000003c0000000,0x0000000595549360,0x00000005e9280000)
 Metaspace       used 145256K, capacity 159065K, committed 168536K, reserved 1196032K
  class space    used 18878K, capacity 20068K, committed 22144K, reserved 1048576K
GC Heap History (10 events):
Event: 17104.099 GC heap after
Heap after GC invocations=155 (full 19):
 PSYoungGen      total 5276160K, used 214494K [0x000000066ab00000, 0x00000007bf280000, 0x00000007c0000000)
  eden space 4984320K, 0% used [0x000000066ab00000,0x000000066ab00000,0x000000079ae80000)
  from space 291840K, 73% used [0x00000007ad580000,0x00000007ba6f78a8,0x00000007bf280000)
  to   space 296960K, 0% used [0x000000079ae80000,0x000000079ae80000,0x00000007ad080000)
 ParOldGen       total 3338240K, used 1899966K [0x00000003c0000000, 0x000000048bc00000, 0x000000066ab00000)
  object space 3338240K, 56% used [0x00000003c0000000,0x0000000433f6f9b0,0x000000048bc00000)
 Metaspace       used 145255K, capacity 159065K, committed 168536K, reserved 1196032K
  class space    used 18878K, capacity 20068K, committed 22144K, reserved 1048576K
}
Event: 17120.388 GC heap before
{Heap before GC invocations=156 (full 19):
 PSYoungGen      total 5276160K, used 5198814K [0x000000066ab00000, 0x00000007bf280000, 0x00000007c0000000)
  eden space 4984320K, 100% used [0x000000066ab00000,0x000000079ae80000,0x000000079ae80000)
  from space 291840K, 73% used [0x00000007ad580000,0x00000007ba6f78a8,0x00000007bf280000)
  to   space 296960K, 0% used [0x000000079ae80000,0x000000079ae80000,0x00000007ad080000)
 ParOldGen       total 3338240K, used 1899966K [0x00000003c0000000, 0x000000048bc00000, 0x000000066ab00000)
  object space 3338240K, 56% used [0x00000003c0000000,0x0000000433f6f9b0,0x000000048bc00000)
 Metaspace       used 145255K, capacity 159065K, committed 168536K, reserved 1196032K
  class space    used 18878K, capacity 20068K, committed 22144K, reserved 1048576K
Event: 17120.601 GC heap after
Heap after GC invocations=156 (full 19):
 PSYoungGen      total 5281280K, used 247415K [0x000000066ab00000, 0x00000007c0000000, 0x00000007c0000000)
  eden space 4984320K, 0% used [0x000000066ab00000,0x000000066ab00000,0x000000079ae80000)
  from space 296960K, 83% used [0x000000079ae80000,0x00000007aa01dd98,0x00000007ad080000)
  to   space 302080K, 0% used [0x00000007ad900000,0x00000007ad900000,0x00000007c0000000)
 ParOldGen       total 3338240K, used 1900038K [0x00000003c0000000, 0x000000048bc00000, 0x000000066ab00000)
  object space 3338240K, 56% used [0x00000003c0000000,0x0000000433f819b0,0x000000048bc00000)
 Metaspace       used 145255K, capacity 159065K, committed 168536K, reserved 1196032K
  class space    used 18878K, capacity 20068K, committed 22144K, reserved 1048576K
}
Event: 17136.786 GC heap before
{Heap before GC invocations=157 (full 19):
 PSYoungGen      total 5281280K, used 5231735K [0x000000066ab00000, 0x00000007c0000000, 0x00000007c0000000)
  eden space 4984320K, 100% used [0x000000066ab00000,0x000000079ae80000,0x000000079ae80000)
  from space 296960K, 83% used [0x000000079ae80000,0x00000007aa01dd98,0x00000007ad080000)
  to   space 302080K, 0% used [0x00000007ad900000,0x00000007ad900000,0x00000007c0000000)
 ParOldGen       total 3338240K, used 1900038K [0x00000003c0000000, 0x000000048bc00000, 0x000000066ab00000)
  object space 3338240K, 56% used [0x00000003c0000000,0x0000000433f819b0,0x000000048bc00000)
 Metaspace       used 145255K, capacity 159065K, committed 168536K, reserved 1196032K
  class space    used 18878K, capacity 20068K, committed 22144K, reserved 1048576K
Event: 17137.002 GC heap after
Heap after GC invocations=157 (full 19):
 PSYoungGen      total 5286912K, used 242559K [0x000000066ab00000, 0x00000007c0000000, 0x00000007c0000000)
  eden space 4984832K, 0% used [0x000000066ab00000,0x000000066ab00000,0x000000079af00000)
  from space 302080K, 80% used [0x00000007ad900000,0x00000007bc5dfea8,0x00000007c0000000)
  to   space 303616K, 0% used [0x000000079af00000,0x000000079af00000,0x00000007ad780000)
 ParOldGen       total 3338240K, used 1900094K [0x00000003c0000000, 0x000000048bc00000, 0x000000066ab00000)
  object space 3338240K, 56% used [0x00000003c0000000,0x0000000433f8f9b0,0x000000048bc00000)
 Metaspace       used 145255K, capacity 159065K, committed 168536K, reserved 1196032K
  class space    used 18878K, capacity 20068K, committed 22144K, reserved 1048576K
}
Event: 17152.638 GC heap before
{Heap before GC invocations=158 (full 19):
 PSYoungGen      total 5286912K, used 5227391K [0x000000066ab00000, 0x00000007c0000000, 0x00000007c0000000)
  eden space 4984832K, 100% used [0x000000066ab00000,0x000000079af00000,0x000000079af00000)
  from space 302080K, 80% used [0x00000007ad900000,0x00000007bc5dfea8,0x00000007c0000000)
  to   space 303616K, 0% used [0x000000079af00000,0x000000079af00000,0x00000007ad780000)
 ParOldGen       total 3338240K, used 1900094K [0x00000003c0000000, 0x000000048bc00000, 0x000000066ab00000)
  object space 3338240K, 56% used [0x00000003c0000000,0x0000000433f8f9b0,0x000000048bc00000)
 Metaspace       used 145255K, capacity 159065K, committed 168536K, reserved 1196032K
  class space    used 18878K, capacity 20068K, committed 22144K, reserved 1048576K
Event: 17152.911 GC heap after
Heap after GC invocations=158 (full 19):
 PSYoungGen      total 5276672K, used 291541K [0x000000066ab00000, 0x00000007c0000000, 0x00000007c0000000)
  eden space 4984832K, 0% used [0x000000066ab00000,0x000000066ab00000,0x000000079af00000)
  from space 291840K, 99% used [0x000000079af00000,0x00000007acbb56b8,0x00000007acc00000)
  to   space 315392K, 0% used [0x00000007acc00000,0x00000007acc00000,0x00000007c0000000)
 ParOldGen       total 3338240K, used 1900166K [0x00000003c0000000, 0x000000048bc00000, 0x000000066ab00000)
  object space 3338240K, 56% used [0x00000003c0000000,0x0000000433fa19b0,0x000000048bc00000)
 Metaspace       used 145255K, capacity 159065K, committed 168536K, reserved 1196032K
  class space    used 18878K, capacity 20068K, committed 22144K, reserved 1048576K
}
Event: 17169.145 GC heap before
{Heap before GC invocations=159 (full 19):
 PSYoungGen      total 5276672K, used 5276373K [0x000000066ab00000, 0x00000007c0000000, 0x00000007c0000000)
  eden space 4984832K, 100% used [0x000000066ab00000,0x000000079af00000,0x000000079af00000)
  from space 291840K, 99% used [0x000000079af00000,0x00000007acbb56b8,0x00000007acc00000)
  to   space 315392K, 0% used [0x00000007acc00000,0x00000007acc00000,0x00000007c0000000)
 ParOldGen       total 3338240K, used 1900166K [0x00000003c0000000, 0x000000048bc00000, 0x000000066ab00000)
  object space 3338240K, 56% used [0x00000003c0000000,0x0000000433fa19b0,0x000000048bc00000)
 Metaspace       used 145255K, capacity 159065K, committed 168536K, reserved 1196032K
  class space    used 18878K, capacity 20068K, committed 22144K, reserved 1048576K
Event: 17169.412 GC heap after
Heap after GC invocations=159 (full 19):
 PSYoungGen      total 5258240K, used 257337K [0x000000066ab00000, 0x00000007c0000000, 0x00000007c0000000)
  eden space 4942848K, 0% used [0x000000066ab00000,0x000000066ab00000,0x0000000798600000)
  from space 315392K, 81% used [0x00000007acc00000,0x00000007bc74e430,0x00000007c0000000)
  to   space 324608K, 0% used [0x0000000798600000,0x0000000798600000,0x00000007ac300000)
 ParOldGen       total 3338240K, used 1908184K [0x00000003c0000000, 0x000000048bc00000, 0x000000066ab00000)
  object space 3338240K, 57% used [0x00000003c0000000,0x00000004347760f8,0x000000048bc00000)
 Metaspace       used 145255K, capacity 159065K, committed 168536K, reserved 1196032K
  class space    used 18878K, capacity 20068K, committed 22144K, reserved 1048576K
}
Event: 17186.438 GC heap before
{Heap before GC invocations=160 (full 19):
 PSYoungGen      total 5258240K, used 5200185K [0x000000066ab00000, 0x00000007c0000000, 0x00000007c0000000)
  eden space 4942848K, 100% used [0x000000066ab00000,0x0000000798600000,0x0000000798600000)
  from space 315392K, 81% used [0x00000007acc00000,0x00000007bc74e430,0x00000007c0000000)
  to   space 324608K, 0% used [0x0000000798600000,0x0000000798600000,0x00000007ac300000)
 ParOldGen       total 3338240K, used 1908184K [0x00000003c0000000, 0x000000048bc00000, 0x000000066ab00000)
  object space 3338240K, 57% used [0x00000003c0000000,0x00000004347760f8,0x000000048bc00000)
 Metaspace       used 145256K, capacity 159065K, committed 168536K, reserved 1196032K
  class space    used 18878K, capacity 20068K, committed 22144K, reserved 1048576K

