# JRE version: OpenJDK Runtime Environment (8.0_342-b07) (build 1.8.0_342-8u342-b07-0ubuntu1~20.04-b07)
# Java VM: OpenJDK 64-Bit Server VM (25.342-b07 mixed mode linux-amd64 compressed oops)
Heap:
 PSYoungGen      total 5341696K, used 5285999K [0x000000066ab00000, 0x00000007c0000000, 0x00000007c0000000)
  eden space 5091328K, 100% used [0x000000066ab00000,0x00000007a1700000,0x00000007a1700000)
  from space 250368K, 77% used [0x00000007a1700000,0x00000007ad51bee8,0x00000007b0b80000)
  to   space 246272K, 66% used [0x00000007b0f80000,0x00000007baf1e640,0x00000007c0000000)
 ParOldGen       total 2291712K, used 1959572K [0x00000003c0000000, 0x000000044be00000, 0x000000066ab00000)
  object space 2291712K, 85% used [0x00000003c0000000,0x00000004379a5358,0x000000044be00000)
 Metaspace       used 140741K, capacity 154356K, committed 158680K, reserved 1187840K
  class space    used 18418K, capacity 19616K, committed 20736K, reserved 1048576K
GC Heap History (10 events):
Event: 32836.390 GC heap after
Heap after GC invocations=120 (full 27):
 PSYoungGen      total 5333504K, used 149957K [0x000000066ab00000, 0x00000007c0000000, 0x00000007c0000000)
  eden space 5090304K, 0% used [0x000000066ab00000,0x000000066ab00000,0x00000007a1600000)
  from space 243200K, 61% used [0x00000007a1600000,0x00000007aa871618,0x00000007b0380000)
  to   space 244224K, 0% used [0x00000007b1180000,0x00000007b1180000,0x00000007c0000000)
 ParOldGen       total 2291712K, used 1937442K [0x00000003c0000000, 0x000000044be00000, 0x000000066ab00000)
  object space 2291712K, 84% used [0x00000003c0000000,0x0000000436408a38,0x000000044be00000)
 Metaspace       used 140737K, capacity 154356K, committed 158680K, reserved 1187840K
  class space    used 18418K, capacity 19616K, committed 20736K, reserved 1048576K
}
Event: 32851.717 GC heap before
{Heap before GC invocations=121 (full 27):
 PSYoungGen      total 5333504K, used 5240261K [0x000000066ab00000, 0x00000007c0000000, 0x00000007c0000000)
  eden space 5090304K, 100% used [0x000000066ab00000,0x00000007a1600000,0x00000007a1600000)
  from space 243200K, 61% used [0x00000007a1600000,0x00000007aa871618,0x00000007b0380000)
  to   space 244224K, 0% used [0x00000007b1180000,0x00000007b1180000,0x00000007c0000000)
 ParOldGen       total 2291712K, used 1937442K [0x00000003c0000000, 0x000000044be00000, 0x000000066ab00000)
  object space 2291712K, 84% used [0x00000003c0000000,0x0000000436408a38,0x000000044be00000)
 Metaspace       used 140737K, capacity 154356K, committed 158680K, reserved 1187840K
  class space    used 18418K, capacity 19616K, committed 20736K, reserved 1048576K
Event: 32851.922 GC heap after
Heap after GC invocations=121 (full 27):
 PSYoungGen      total 5344768K, used 192876K [0x000000066ab00000, 0x00000007bfc00000, 0x00000007c0000000)
  eden space 5104640K, 0% used [0x000000066ab00000,0x000000066ab00000,0x00000007a2400000)
  from space 240128K, 80% used [0x00000007b1180000,0x00000007bcddb018,0x00000007bfc00000)
  to   space 241664K, 0% used [0x00000007a2400000,0x00000007a2400000,0x00000007b1000000)
 ParOldGen       total 2291712K, used 1937498K [0x00000003c0000000, 0x000000044be00000, 0x000000066ab00000)
  object space 2291712K, 84% used [0x00000003c0000000,0x0000000436416a38,0x000000044be00000)
 Metaspace       used 140737K, capacity 154356K, committed 158680K, reserved 1187840K
  class space    used 18418K, capacity 19616K, committed 20736K, reserved 1048576K
}
Event: 32869.017 GC heap before
{Heap before GC invocations=122 (full 27):
 PSYoungGen      total 5344768K, used 5297516K [0x000000066ab00000, 0x00000007bfc00000, 0x00000007c0000000)
  eden space 5104640K, 100% used [0x000000066ab00000,0x00000007a2400000,0x00000007a2400000)
  from space 240128K, 80% used [0x00000007b1180000,0x00000007bcddb018,0x00000007bfc00000)
  to   space 241664K, 0% used [0x00000007a2400000,0x00000007a2400000,0x00000007b1000000)
 ParOldGen       total 2291712K, used 1937498K [0x00000003c0000000, 0x000000044be00000, 0x000000066ab00000)
  object space 2291712K, 84% used [0x00000003c0000000,0x0000000436416a38,0x000000044be00000)
 Metaspace       used 140741K, capacity 154356K, committed 158680K, reserved 1187840K
  class space    used 18418K, capacity 19616K, committed 20736K, reserved 1048576K
Event: 32869.310 GC heap after
Heap after GC invocations=122 (full 27):
 PSYoungGen      total 5346304K, used 173498K [0x000000066ab00000, 0x00000007bfa80000, 0x00000007c0000000)
  eden space 5104640K, 0% used [0x000000066ab00000,0x000000066ab00000,0x00000007a2400000)
  from space 241664K, 71% used [0x00000007a2400000,0x00000007acd6e988,0x00000007b1000000)
  to   space 238080K, 0% used [0x00000007b1200000,0x00000007b1200000,0x00000007bfa80000)
 ParOldGen       total 2291712K, used 1937554K [0x00000003c0000000, 0x000000044be00000, 0x000000066ab00000)
  object space 2291712K, 84% used [0x00000003c0000000,0x0000000436424a38,0x000000044be00000)
 Metaspace       used 140741K, capacity 154356K, committed 158680K, reserved 1187840K
  class space    used 18418K, capacity 19616K, committed 20736K, reserved 1048576K
}
Event: 32882.236 GC heap before
{Heap before GC invocations=123 (full 27):
 PSYoungGen      total 5346304K, used 5278138K [0x000000066ab00000, 0x00000007bfa80000, 0x00000007c0000000)
  eden space 5104640K, 100% used [0x000000066ab00000,0x00000007a2400000,0x00000007a2400000)
  from space 241664K, 71% used [0x00000007a2400000,0x00000007acd6e988,0x00000007b1000000)
  to   space 238080K, 0% used [0x00000007b1200000,0x00000007b1200000,0x00000007bfa80000)
 ParOldGen       total 2291712K, used 1937554K [0x00000003c0000000, 0x000000044be00000, 0x000000066ab00000)
  object space 2291712K, 84% used [0x00000003c0000000,0x0000000436424a38,0x000000044be00000)
 Metaspace       used 140741K, capacity 154356K, committed 158680K, reserved 1187840K
  class space    used 18418K, capacity 19616K, committed 20736K, reserved 1048576K
Event: 32882.490 GC heap after
Heap after GC invocations=123 (full 27):
 PSYoungGen      total 5329408K, used 231791K [0x000000066ab00000, 0x00000007c0000000, 0x00000007c0000000)
  eden space 5091328K, 0% used [0x000000066ab00000,0x000000066ab00000,0x00000007a1700000)
  from space 238080K, 97% used [0x00000007b1200000,0x00000007bf45bfb8,0x00000007bfa80000)
  to   space 250368K, 0% used [0x00000007a1700000,0x00000007a1700000,0x00000007b0b80000)
 ParOldGen       total 2291712K, used 1937610K [0x00000003c0000000, 0x000000044be00000, 0x000000066ab00000)
  object space 2291712K, 84% used [0x00000003c0000000,0x0000000436432a38,0x000000044be00000)
 Metaspace       used 140741K, capacity 154356K, committed 158680K, reserved 1187840K
  class space    used 18418K, capacity 19616K, committed 20736K, reserved 1048576K
}
Event: 32898.938 GC heap before
{Heap before GC invocations=124 (full 27):
 PSYoungGen      total 5329408K, used 5323119K [0x000000066ab00000, 0x00000007c0000000, 0x00000007c0000000)
  eden space 5091328K, 100% used [0x000000066ab00000,0x00000007a1700000,0x00000007a1700000)
  from space 238080K, 97% used [0x00000007b1200000,0x00000007bf45bfb8,0x00000007bfa80000)
  to   space 250368K, 0% used [0x00000007a1700000,0x00000007a1700000,0x00000007b0b80000)
 ParOldGen       total 2291712K, used 1937610K [0x00000003c0000000, 0x000000044be00000, 0x000000066ab00000)
  object space 2291712K, 84% used [0x00000003c0000000,0x0000000436432a38,0x000000044be00000)
 Metaspace       used 140741K, capacity 154356K, committed 158680K, reserved 1187840K
  class space    used 18418K, capacity 19616K, committed 20736K, reserved 1048576K
Event: 32899.165 GC heap after
Heap after GC invocations=124 (full 27):
 PSYoungGen      total 5341696K, used 194671K [0x000000066ab00000, 0x00000007c0000000, 0x00000007c0000000)
  eden space 5091328K, 0% used [0x000000066ab00000,0x000000066ab00000,0x00000007a1700000)
  from space 250368K, 77% used [0x00000007a1700000,0x00000007ad51bee8,0x00000007b0b80000)
  to   space 246272K, 0% used [0x00000007b0f80000,0x00000007b0f80000,0x00000007c0000000)
 ParOldGen       total 2291712K, used 1937682K [0x00000003c0000000, 0x000000044be00000, 0x000000066ab00000)
  object space 2291712K, 84% used [0x00000003c0000000,0x0000000436444a38,0x000000044be00000)
 Metaspace       used 140741K, capacity 154356K, committed 158680K, reserved 1187840K
  class space    used 18418K, capacity 19616K, committed 20736K, reserved 1048576K
}
Event: 32915.016 GC heap before
{Heap before GC invocations=125 (full 27):
 PSYoungGen      total 5341696K, used 5285999K [0x000000066ab00000, 0x00000007c0000000, 0x00000007c0000000)
  eden space 5091328K, 100% used [0x000000066ab00000,0x00000007a1700000,0x00000007a1700000)
  from space 250368K, 77% used [0x00000007a1700000,0x00000007ad51bee8,0x00000007b0b80000)
  to   space 246272K, 0% used [0x00000007b0f80000,0x00000007b0f80000,0x00000007c0000000)
 ParOldGen       total 2291712K, used 1937682K [0x00000003c0000000, 0x000000044be00000, 0x000000066ab00000)
  object space 2291712K, 84% used [0x00000003c0000000,0x0000000436444a38,0x000000044be00000)
 Metaspace       used 140741K, capacity 154356K, committed 158680K, reserved 1187840K
  class space    used 18418K, capacity 19616K, committed 20736K, reserved 1048576K

